[2025-07-01T18:58:43+06:00] [analytics] Log entry 1
[2025-07-01T18:58:43+06:00] [frontend] Log entry 1
[2025-07-01T18:58:43+06:00] [payment-service] Log entry 1
[2025-07-01T18:58:43+06:00] [worker] Log entry 1
[2025-07-01T18:58:43+06:00] [auth-service] Log entry 1
[2025-07-01T18:58:43+06:00] [analytics] Log entry 2
[2025-07-01T18:58:43+06:00] [auth-service] Log entry 2
[2025-07-01T18:58:43+06:00] [frontend] Log entry 2
[2025-07-01T18:58:43+06:00] [payment-service] Log entry 2
[2025-07-01T18:58:43+06:00] [worker] Log entry 2
[2025-07-01T18:58:43+06:00] [analytics] Log entry 3
[2025-07-01T18:58:43+06:00] [frontend] Log entry 3
[2025-07-01T18:58:43+06:00] [auth-service] Log entry 3
[2025-07-01T18:58:43+06:00] [payment-service] Log entry 3
[2025-07-01T18:58:43+06:00] [worker] Log entry 3
[2025-07-01T18:58:43+06:00] [analytics] Log entry 4
[2025-07-01T18:58:43+06:00] [worker] Log entry 4
[2025-07-01T18:58:43+06:00] [payment-service] Log entry 4
[2025-07-01T18:58:43+06:00] [auth-service] Log entry 4
[2025-07-01T18:58:43+06:00] [frontend] Log entry 4
[2025-07-01T18:58:43+06:00] [analytics] Log entry 5
[2025-07-01T18:58:43+06:00] [frontend] Log entry 5
[2025-07-01T18:58:43+06:00] [auth-service] Log entry 5
[2025-07-01T18:58:43+06:00] [worker] Log entry 5
[2025-07-01T18:58:43+06:00] [payment-service] Log entry 5
[2025-07-01T18:58:43+06:00] [analytics] Log entry 6
[2025-07-01T18:58:43+06:00] [payment-service] Log entry 6
[2025-07-01T18:58:43+06:00] [frontend] Log entry 6
[2025-07-01T18:58:43+06:00] [auth-service] Log entry 6
[2025-07-01T18:58:43+06:00] [worker] Log entry 6
[2025-07-01T18:58:43+06:00] [analytics] Log entry 7
[2025-07-01T18:58:43+06:00] [worker] Log entry 7
[2025-07-01T18:58:43+06:00] [payment-service] Log entry 7
[2025-07-01T18:58:43+06:00] [frontend] Log entry 7
[2025-07-01T18:58:43+06:00] [auth-service] Log entry 7
[2025-07-01T18:58:44+06:00] [analytics] Log entry 8
[2025-07-01T18:58:44+06:00] [frontend] Log entry 8
[2025-07-01T18:58:44+06:00] [auth-service] Log entry 8
[2025-07-01T18:58:44+06:00] [payment-service] Log entry 8
[2025-07-01T18:58:44+06:00] [worker] Log entry 8
[2025-07-01T18:58:44+06:00] [frontend] Log entry 9
[2025-07-01T18:58:44+06:00] [analytics] Log entry 9
[2025-07-01T18:58:44+06:00] [payment-service] Log entry 9
[2025-07-01T18:58:44+06:00] [worker] Log entry 9
[2025-07-01T18:58:44+06:00] [auth-service] Log entry 9
[2025-07-01T18:58:44+06:00] [worker] Log entry 10
[2025-07-01T18:58:44+06:00] [payment-service] Log entry 10
[2025-07-01T18:58:44+06:00] [frontend] Log entry 10
[2025-07-01T18:58:44+06:00] [analytics] Log entry 10
[2025-07-01T18:58:44+06:00] [auth-service] Log entry 10
